<?xml version="1.0" encoding="UTF-8" ?>
<testsuite errors="0" failures="0" hostname="KEVINJONES-WIN81-BASE" name="com.mantiso.kevinj.http.ui.ImageDisplayOutputStreamTest" skipped="0" tests="3" time="0.685" timestamp="2015-06-05T08:45:28">
  <properties>
[...]
</properties>
  <testcase classname="com.mantiso.kevinj.http.ui.ImageDisplayOutputStreamTest" name="testSmallGif" time="0.509" />
  <testcase classname="com.mantiso.kevinj.http.ui.ImageDisplayOutputStreamTest" name="testLargeGif" time="0.035" />
  <testcase classname="com.mantiso.kevinj.http.ui.ImageDisplayOutputStreamTest" name="testMultipleGifs" time="0.037" />
  <system-out><![CDATA[]]></system-out>
  <system-err><![CDATA[]]></system-err>
</testsuite>
